<?xml version="1.0" encoding="UTF-8" ?>
<testsuite errors="0" failures="0" hostname="Wilton-PC" name="tests.ControleUsuariosTest" skipped="0" tests="4" time="0.116" timestamp="2013-12-13T07:04:36">
  <properties>
[...]
</properties>
  <testcase classname="tests.ControleUsuariosTest" name="testGetListaUsuarios" time="0.004" />
  <testcase classname="tests.ControleUsuariosTest" name="testPesquisar" time="0.001" />
  <testcase classname="tests.ControleUsuariosTest" name="testAdicionar" time="0.0" />
  <testcase classname="tests.ControleUsuariosTest" name="testRemover" time="0.0" />
  <system-out><![CDATA[]]></system-out>
  <system-err><![CDATA[]]></system-err>
</testsuite>
